******开始测试******
***配置的浏览器类型为：chrome
******套件执行完毕******
******开始测试******
***配置的浏览器类型为：chrome
***测试数据：手机号：【】，密码：【】，期望值：【用户不能为空】
访问登录页面：https://www.csdn.net/
访问页面：【https://www.csdn.net/】
点击【登录页面】的【登录链接】
点击【登录页面】的【账号密码登录链接】
定位到【登录页面】的【账号输入框】，往里面写入数据【】
定位到【登录页面】的【密码输入框】，往里面写入数据【】
***测试数据：手机号：【aa】，密码：【】，期望值：【非法手机号】
访问登录页面：https://www.csdn.net/
访问页面：【https://www.csdn.net/】
点击【登录页面】的【登录链接】
点击【登录页面】的【账号密码登录链接】
定位到【登录页面】的【账号输入框】，往里面写入数据【aa】
定位到【登录页面】的【密码输入框】，往里面写入数据【】
***测试数据：手机号：【13224087213】，密码：【】，期望值：【密码不能为空】
访问登录页面：https://www.csdn.net/
访问页面：【https://www.csdn.net/】
点击【登录页面】的【登录链接】
点击【登录页面】的【账号密码登录链接】
定位到【登录页面】的【账号输入框】，往里面写入数据【13224087213】
定位到【登录页面】的【密码输入框】，往里面写入数据【】
***测试数据：手机号：【13224087213】，密码：【12345】，期望值：【用户名或密码错误】
访问登录页面：https://www.csdn.net/
访问页面：【https://www.csdn.net/】
点击【登录页面】的【登录链接】
点击【登录页面】的【账号密码登录链接】
定位到【登录页面】的【账号输入框】，往里面写入数据【13224087213】
定位到【登录页面】的【密码输入框】，往里面写入数据【12345】
***测试数据：手机号：【13224087213】，密码：【12345678901234567890】，期望值：【用户名或密码错误】
访问登录页面：https://www.csdn.net/
访问页面：【https://www.csdn.net/】
点击【登录页面】的【登录链接】
点击【登录页面】的【账号密码登录链接】
定位到【登录页面】的【账号输入框】，往里面写入数据【13224087213】
定位到【登录页面】的【密码输入框】，往里面写入数据【12345678901234567890】
***测试数据：手机号：【13224087213】，密码：【1234567890】，期望值：【用户名或密码错误】
访问登录页面：https://www.csdn.net/
访问页面：【https://www.csdn.net/】
点击【登录页面】的【登录链接】
点击【登录页面】的【账号密码登录链接】
定位到【登录页面】的【账号输入框】，往里面写入数据【13224087213】
定位到【登录页面】的【密码输入框】，往里面写入数据【1234567890】
******套件执行完毕******
